[0.006s] Invoking command in '/home/tukorea/ros2_ws/build/dss_ros2_bridge': CMAKE_PREFIX_PATH=/opt/ros/humble /usr/bin/cmake /home/tukorea/ros2_ws/src/dss_ros2_bridge/dss_ros2_bridge -DAMENT_CMAKE_SYMLINK_INSTALL=1 -DCMAKE_INSTALL_PREFIX=/home/tukorea/ros2_ws/install/dss_ros2_bridge
[0.083s] -- The C compiler identification is GNU 11.4.0
[0.266s] -- The CXX compiler identification is GNU 11.4.0
[0.386s] -- Detecting C compiler ABI info
[0.449s] -- Detecting C compiler ABI info - done
[0.453s] -- Check for working C compiler: /usr/bin/cc - skipped
[0.453s] -- Detecting C compile features
[0.454s] -- Detecting C compile features - done
[0.456s] -- Detecting CXX compiler ABI info
[0.536s] -- Detecting CXX compiler ABI info - done
[0.540s] -- Check for working CXX compiler: /usr/bin/c++ - skipped
[0.540s] -- Detecting CXX compile features
[0.540s] -- Detecting CXX compile features - done
[0.543s] -- Found ament_cmake: 1.3.12 (/opt/ros/humble/share/ament_cmake/cmake)
[0.620s] -- Found Python3: /usr/bin/python3 (found version "3.10.12") found components: Interpreter 
[0.658s] -- Override CMake install command with custom implementation using symlinks instead of copying resources
[0.682s] -- Found rclcpp: 16.0.17 (/opt/ros/humble/share/rclcpp/cmake)
[0.762s] -- Found rosidl_generator_c: 3.1.8 (/opt/ros/humble/share/rosidl_generator_c/cmake)
[0.766s] -- Found rosidl_adapter: 3.1.8 (/opt/ros/humble/share/rosidl_adapter/cmake)
[0.773s] -- Found rosidl_generator_cpp: 3.1.8 (/opt/ros/humble/share/rosidl_generator_cpp/cmake)
[0.783s] -- Using all available rosidl_typesupport_c: rosidl_typesupport_fastrtps_c;rosidl_typesupport_introspection_c
[0.796s] -- Using all available rosidl_typesupport_cpp: rosidl_typesupport_fastrtps_cpp;rosidl_typesupport_introspection_cpp
[0.829s] -- Found rmw_implementation_cmake: 6.1.2 (/opt/ros/humble/share/rmw_implementation_cmake/cmake)
[0.832s] -- Found rmw_fastrtps_cpp: 6.2.9 (/opt/ros/humble/share/rmw_fastrtps_cpp/cmake)
[1.413s] -- Found OpenSSL: /usr/lib/x86_64-linux-gnu/libcrypto.so (found version "3.0.2")  
[2.089s] -- Found FastRTPS: /opt/ros/humble/include  
[3.322s] -- Using RMW implementation 'rmw_fastrtps_cpp' as default
[3.345s] -- Looking for pthread.h
[3.404s] -- Looking for pthread.h - found
[3.404s] -- Performing Test CMAKE_HAVE_LIBC_PTHREAD
[3.462s] -- Performing Test CMAKE_HAVE_LIBC_PTHREAD - Success
[3.463s] -- Found Threads: TRUE  
[3.502s] -- Found rclpy: 3.3.19 (/opt/ros/humble/share/rclpy/cmake)
[3.504s] -- Found cv_bridge: 3.2.1 (/opt/ros/humble/share/cv_bridge/cmake)
[3.537s] -- Found nav_msgs: 4.9.0 (/opt/ros/humble/share/nav_msgs/cmake)
[3.549s] -- Found visualization_msgs: 4.9.0 (/opt/ros/humble/share/visualization_msgs/cmake)
[3.564s] -- Found OpenCV: /usr (found version "4.5.4") 
[3.721s] -- Found Protobuf: /usr/local/lib/libprotobuf.so (found suitable version "3.15.8", minimum required is "3.15") 
[3.723s] -- Found rosidl_default_generators: 1.2.0 (/opt/ros/humble/share/rosidl_default_generators/cmake)
[3.870s] -- Found ament_cmake_ros: 0.10.0 (/opt/ros/humble/share/ament_cmake_ros/cmake)
[4.020s] -- Using all available rosidl_typesupport_c: rosidl_typesupport_fastrtps_c;rosidl_typesupport_introspection_c
[4.082s] -- Using all available rosidl_typesupport_cpp: rosidl_typesupport_fastrtps_cpp;rosidl_typesupport_introspection_cpp
[4.158s] -- Found PythonInterp: /usr/bin/python3 (found suitable version "3.10.12", minimum required is "3.6") 
[4.160s] -- Found python_cmake_module: 0.10.0 (/opt/ros/humble/share/python_cmake_module/cmake)
[4.295s] -- Found PythonLibs: /usr/lib/x86_64-linux-gnu/libpython3.10.so (found suitable version "3.10.12", minimum required is "3.5") 
[4.295s] -- Using PYTHON_EXECUTABLE: /usr/bin/python3
[4.295s] -- Using PYTHON_INCLUDE_DIRS: /usr/include/python3.10
[4.295s] -- Using PYTHON_LIBRARIES: /usr/lib/x86_64-linux-gnu/libpython3.10.so
[4.305s] -- Found PythonExtra: .so  
[4.347s] -- Configuring done
[4.383s] -- Generating done
[4.393s] -- Build files have been written to: /home/tukorea/ros2_ws/build/dss_ros2_bridge
[4.401s] Invoked command in '/home/tukorea/ros2_ws/build/dss_ros2_bridge' returned '0': CMAKE_PREFIX_PATH=/opt/ros/humble /usr/bin/cmake /home/tukorea/ros2_ws/src/dss_ros2_bridge/dss_ros2_bridge -DAMENT_CMAKE_SYMLINK_INSTALL=1 -DCMAKE_INSTALL_PREFIX=/home/tukorea/ros2_ws/install/dss_ros2_bridge
[4.401s] Invoking command in '/home/tukorea/ros2_ws/build/dss_ros2_bridge': CMAKE_PREFIX_PATH=/opt/ros/humble /usr/bin/cmake --build /home/tukorea/ros2_ws/build/dss_ros2_bridge -- -j28 -l28
[4.414s] -- Found ament_cmake: 1.3.12 (/opt/ros/humble/share/ament_cmake/cmake)
[4.470s] -- Override CMake install command with custom implementation using symlinks instead of copying resources
[4.473s] -- Found rclcpp: 16.0.17 (/opt/ros/humble/share/rclcpp/cmake)
[4.531s] -- Found rosidl_generator_c: 3.1.8 (/opt/ros/humble/share/rosidl_generator_c/cmake)
[4.532s] -- Found rosidl_adapter: 3.1.8 (/opt/ros/humble/share/rosidl_adapter/cmake)
[4.535s] -- Found rosidl_generator_cpp: 3.1.8 (/opt/ros/humble/share/rosidl_generator_cpp/cmake)
[4.539s] -- Using all available rosidl_typesupport_c: rosidl_typesupport_fastrtps_c;rosidl_typesupport_introspection_c
[4.547s] -- Using all available rosidl_typesupport_cpp: rosidl_typesupport_fastrtps_cpp;rosidl_typesupport_introspection_cpp
[4.562s] -- Found rmw_implementation_cmake: 6.1.2 (/opt/ros/humble/share/rmw_implementation_cmake/cmake)
[4.563s] -- Found rmw_fastrtps_cpp: 6.2.9 (/opt/ros/humble/share/rmw_fastrtps_cpp/cmake)
[6.507s] -- Using RMW implementation 'rmw_fastrtps_cpp' as default
[6.531s] -- Found rclpy: 3.3.19 (/opt/ros/humble/share/rclpy/cmake)
[6.531s] -- Found cv_bridge: 3.2.1 (/opt/ros/humble/share/cv_bridge/cmake)
[6.549s] -- Found nav_msgs: 4.9.0 (/opt/ros/humble/share/nav_msgs/cmake)
[6.556s] -- Found visualization_msgs: 4.9.0 (/opt/ros/humble/share/visualization_msgs/cmake)
[6.572s] -- Found rosidl_default_generators: 1.2.0 (/opt/ros/humble/share/rosidl_default_generators/cmake)
[6.695s] -- Found ament_cmake_ros: 0.10.0 (/opt/ros/humble/share/ament_cmake_ros/cmake)
[6.837s] -- Using all available rosidl_typesupport_c: rosidl_typesupport_fastrtps_c;rosidl_typesupport_introspection_c
[6.891s] -- Using all available rosidl_typesupport_cpp: rosidl_typesupport_fastrtps_cpp;rosidl_typesupport_introspection_cpp
[6.901s] -- Found python_cmake_module: 0.10.0 (/opt/ros/humble/share/python_cmake_module/cmake)
[6.912s] -- Using PYTHON_EXECUTABLE: /usr/bin/python3
[6.912s] -- Using PYTHON_INCLUDE_DIRS: /usr/include/python3.10
[6.912s] -- Using PYTHON_LIBRARIES: /usr/lib/x86_64-linux-gnu/libpython3.10.so
[6.925s] -- Configuring done
[6.953s] -- Generating done
[6.964s] -- Build files have been written to: /home/tukorea/ros2_ws/build/dss_ros2_bridge
[6.978s] [  1%] [34m[1mGenerating C code for ROS interfaces[0m
[6.982s] [  3%] [34m[1mGenerating C++ code for ROS interfaces[0m
[6.986s] [  3%] Built target ament_cmake_python_symlink_dss_ros2_bridge
[7.097s] running egg_info
[7.097s] creating dss_ros2_bridge.egg-info
[7.097s] writing dss_ros2_bridge.egg-info/PKG-INFO
[7.097s] writing dependency_links to dss_ros2_bridge.egg-info/dependency_links.txt
[7.098s] writing top-level names to dss_ros2_bridge.egg-info/top_level.txt
[7.098s] writing manifest file 'dss_ros2_bridge.egg-info/SOURCES.txt'
[7.098s] [  3%] Built target dss_ros2_bridge__cpp
[7.099s] reading manifest file 'dss_ros2_bridge.egg-info/SOURCES.txt'
[7.100s] writing manifest file 'dss_ros2_bridge.egg-info/SOURCES.txt'
[7.102s] [  5%] [34m[1mGenerating C++ type support dispatch for ROS interfaces[0m
[7.102s] [  7%] [34m[1mGenerating C++ introspection for ROS interfaces[0m
[7.103s] [  8%] [34m[1mGenerating C++ type support for eProsima Fast-RTPS[0m
[7.106s] [ 10%] [32mBuilding C object CMakeFiles/dss_ros2_bridge__rosidl_generator_c.dir/rosidl_generator_c/dss_ros2_bridge/msg/detail/dss_control__functions.c.o[0m
[7.113s] [ 10%] Built target ament_cmake_python_build_dss_ros2_bridge_egg
[7.133s] [ 12%] [32m[1mLinking C shared library libdss_ros2_bridge__rosidl_generator_c.so[0m
[7.204s] [ 12%] Built target dss_ros2_bridge__rosidl_generator_c
[7.206s] [ 14%] [32mBuilding CXX object CMakeFiles/dss_ros2_bridge__rosidl_typesupport_cpp.dir/rosidl_typesupport_cpp/dss_ros2_bridge/msg/dss_control__type_support.cpp.o[0m
[7.209s] [ 17%] [34m[1mGenerating C introspection for ROS interfaces[0m
[7.209s] [ 17%] [34m[1mGenerating C type support for eProsima Fast-RTPS[0m
[7.209s] [ 19%] [34m[1mGenerating C type support dispatch for ROS interfaces[0m
[7.214s] [ 21%] [32mBuilding CXX object CMakeFiles/dss_ros2_bridge__rosidl_typesupport_introspection_cpp.dir/rosidl_typesupport_introspection_cpp/dss_ros2_bridge/msg/detail/dss_control__type_support.cpp.o[0m
[7.219s] [ 23%] [32mBuilding CXX object CMakeFiles/dss_ros2_bridge__rosidl_typesupport_fastrtps_cpp.dir/rosidl_typesupport_fastrtps_cpp/dss_ros2_bridge/msg/detail/dds_fastrtps/dss_control__type_support.cpp.o[0m
[7.313s] [ 25%] [32mBuilding CXX object CMakeFiles/dss_ros2_bridge__rosidl_typesupport_c.dir/rosidl_typesupport_c/dss_ros2_bridge/msg/dss_control__type_support.cpp.o[0m
[7.321s] [ 26%] [32mBuilding CXX object CMakeFiles/dss_ros2_bridge__rosidl_typesupport_fastrtps_c.dir/rosidl_typesupport_fastrtps_c/dss_ros2_bridge/msg/detail/dss_control__type_support_c.cpp.o[0m
[7.321s] [ 28%] [32mBuilding C object CMakeFiles/dss_ros2_bridge__rosidl_typesupport_introspection_c.dir/rosidl_typesupport_introspection_c/dss_ros2_bridge/msg/detail/dss_control__type_support.c.o[0m
[7.327s] [ 30%] [32m[1mLinking CXX shared library libdss_ros2_bridge__rosidl_typesupport_c.so[0m
[7.328s] [ 32%] [32m[1mLinking CXX shared library libdss_ros2_bridge__rosidl_typesupport_cpp.so[0m
[7.337s] [ 33%] [32m[1mLinking C shared library libdss_ros2_bridge__rosidl_typesupport_introspection_c.so[0m
[7.385s] [ 35%] [32m[1mLinking CXX shared library libdss_ros2_bridge__rosidl_typesupport_introspection_cpp.so[0m
[7.388s] [ 35%] Built target dss_ros2_bridge__rosidl_typesupport_cpp
[7.388s] [ 35%] Built target dss_ros2_bridge__rosidl_typesupport_c
[7.394s] [ 37%] [32m[1mLinking CXX shared library libdss_ros2_bridge__rosidl_typesupport_fastrtps_cpp.so[0m
[7.395s] [ 37%] Built target dss_ros2_bridge__rosidl_typesupport_introspection_c
[7.400s] [ 39%] [32mBuilding CXX object CMakeFiles/DSSDemoNode.dir/src/DSSDemo.cpp.o[0m
[7.400s] [ 41%] [32mBuilding CXX object CMakeFiles/DSSToROSGpsNode.dir/src/DSSToROSGps.cpp.o[0m
[7.400s] [ 42%] [32mBuilding CXX object CMakeFiles/DSSToROSPointCloudNode.dir/src/DSSToROSPointCloud.cpp.o[0m
[7.400s] [ 44%] [32mBuilding CXX object CMakeFiles/DSSToROSPointCloudNode.dir/src/dss.pb.cc.o[0m
[7.400s] [ 46%] [32mBuilding CXX object CMakeFiles/DSSDemoNode.dir/src/dss.pb.cc.o[0m
[7.401s] [ 48%] [32mBuilding CXX object CMakeFiles/DSSDemoNode.dir/src/defaultGateway.cpp.o[0m
[7.401s] [ 50%] [32mBuilding CXX object CMakeFiles/DSSToROSGpsNode.dir/src/defaultGateway.cpp.o[0m
[7.401s] [ 51%] [32mBuilding CXX object CMakeFiles/DSSToROSImageNode.dir/src/dss.pb.cc.o[0m
[7.402s] [ 53%] [32mBuilding CXX object CMakeFiles/DSSToROSIMUNode.dir/src/defaultGateway.cpp.o[0m
[7.402s] [ 55%] [32mBuilding CXX object CMakeFiles/DSSDemoNode.dir/src/DSS.VSSClient.cpp.o[0m
[7.402s] [ 58%] [32mBuilding CXX object CMakeFiles/DSSToROSImageNode.dir/src/DSSToROSImage.cpp.o[0m
[7.402s] [ 58%] [32mBuilding CXX object CMakeFiles/DSSToROSIMUNode.dir/src/dss.pb.cc.o[0m
[7.402s] [ 62%] [32mBuilding CXX object CMakeFiles/DSSToROSClockNode.dir/src/defaultGateway.cpp.o[0m
[7.402s] [ 62%] [32mBuilding CXX object CMakeFiles/DSSToROSIMUNode.dir/src/DSSToROSIMU.cpp.o[0m
[7.402s] [ 64%] [32mBuilding CXX object CMakeFiles/DSSToROSImageNode.dir/src/defaultGateway.cpp.o[0m
[7.402s] [ 67%] [32mBuilding CXX object CMakeFiles/DSSToROSClockNode.dir/src/dss.pb.cc.o[0m
[7.402s] [ 67%] [32mBuilding CXX object CMakeFiles/DSSToROSGpsNode.dir/src/dss.pb.cc.o[0m
[7.403s] [ 69%] [32mBuilding CXX object CMakeFiles/DSSToROSPointCloudNode.dir/src/defaultGateway.cpp.o[0m
[7.404s] [ 71%] [32mBuilding CXX object CMakeFiles/DSSToROSClockNode.dir/src/DSSToROSClock.cpp.o[0m
[7.498s] [ 71%] Built target dss_ros2_bridge__rosidl_typesupport_introspection_cpp
[7.530s] [ 71%] Built target dss_ros2_bridge__rosidl_typesupport_fastrtps_cpp
[7.531s] [ 73%] [32m[1mLinking CXX shared library libdss_ros2_bridge__rosidl_typesupport_fastrtps_c.so[0m
[7.656s] [ 73%] Built target dss_ros2_bridge__rosidl_typesupport_fastrtps_c
[7.674s] [ 73%] Built target dss_ros2_bridge
[7.693s] [ 75%] [34m[1mGenerating Python code for ROS interfaces[0m
[7.942s] [ 75%] Built target dss_ros2_bridge__py
[7.958s] [ 76%] [32mBuilding C object CMakeFiles/dss_ros2_bridge__rosidl_generator_py.dir/rosidl_generator_py/dss_ros2_bridge/msg/_dss_control_s.c.o[0m
[8.054s] [ 78%] [32m[1mLinking C shared library rosidl_generator_py/dss_ros2_bridge/libdss_ros2_bridge__rosidl_generator_py.so[0m
[8.146s] [ 78%] Built target dss_ros2_bridge__rosidl_generator_py
[8.158s] [ 80%] [32mBuilding C object CMakeFiles/dss_ros2_bridge__rosidl_typesupport_fastrtps_c__pyext.dir/rosidl_generator_py/dss_ros2_bridge/_dss_ros2_bridge_s.ep.rosidl_typesupport_fastrtps_c.c.o[0m
[8.160s] [ 82%] [32mBuilding C object CMakeFiles/dss_ros2_bridge__rosidl_typesupport_introspection_c__pyext.dir/rosidl_generator_py/dss_ros2_bridge/_dss_ros2_bridge_s.ep.rosidl_typesupport_introspection_c.c.o[0m
[8.161s] [ 83%] [32mBuilding C object CMakeFiles/dss_ros2_bridge__rosidl_typesupport_c__pyext.dir/rosidl_generator_py/dss_ros2_bridge/_dss_ros2_bridge_s.ep.rosidl_typesupport_c.c.o[0m
[8.227s] [ 85%] [32m[1mLinking C shared library rosidl_generator_py/dss_ros2_bridge/dss_ros2_bridge_s__rosidl_typesupport_c.cpython-310-x86_64-linux-gnu.so[0m
[8.230s] [ 87%] [32m[1mLinking C shared library rosidl_generator_py/dss_ros2_bridge/dss_ros2_bridge_s__rosidl_typesupport_introspection_c.cpython-310-x86_64-linux-gnu.so[0m
[8.244s] [ 89%] [32m[1mLinking C shared library rosidl_generator_py/dss_ros2_bridge/dss_ros2_bridge_s__rosidl_typesupport_fastrtps_c.cpython-310-x86_64-linux-gnu.so[0m
[8.291s] [ 89%] Built target dss_ros2_bridge__rosidl_typesupport_introspection_c__pyext
[8.291s] [ 89%] Built target dss_ros2_bridge__rosidl_typesupport_c__pyext
[8.316s] [ 89%] Built target dss_ros2_bridge__rosidl_typesupport_fastrtps_c__pyext
[11.386s] [ 91%] [32m[1mLinking CXX executable DSSToROSClockNode[0m
[11.445s] [ 92%] [32m[1mLinking CXX executable DSSToROSPointCloudNode[0m
[11.449s] [ 94%] [32m[1mLinking CXX executable DSSToROSGpsNode[0m
[11.709s] [ 94%] Built target DSSToROSClockNode
[11.709s] [ 94%] Built target DSSToROSPointCloudNode
[11.709s] [ 94%] Built target DSSToROSGpsNode
[11.959s] [ 96%] [32m[1mLinking CXX executable DSSToROSIMUNode[0m
[12.004s] [ 98%] [32m[1mLinking CXX executable DSSToROSImageNode[0m
[12.190s] [ 98%] Built target DSSToROSIMUNode
[12.457s] [ 98%] Built target DSSToROSImageNode
[14.995s] [100%] [32m[1mLinking CXX executable DSSDemoNode[0m
[15.471s] [100%] Built target DSSDemoNode
[15.481s] Invoked command in '/home/tukorea/ros2_ws/build/dss_ros2_bridge' returned '0': CMAKE_PREFIX_PATH=/opt/ros/humble /usr/bin/cmake --build /home/tukorea/ros2_ws/build/dss_ros2_bridge -- -j28 -l28
[15.486s] Invoking command in '/home/tukorea/ros2_ws/build/dss_ros2_bridge': CMAKE_PREFIX_PATH=/opt/ros/humble /usr/bin/cmake --install /home/tukorea/ros2_ws/build/dss_ros2_bridge
[15.489s] -- Install configuration: ""
[15.489s] -- Execute custom install script
[15.490s] -- Symlinking: /home/tukorea/ros2_ws/install/dss_ros2_bridge/share/ament_index/resource_index/rosidl_interfaces/dss_ros2_bridge
[15.495s] -- Symlinking: /home/tukorea/ros2_ws/install/dss_ros2_bridge/include/dss_ros2_bridge/dss_ros2_bridge/msg/detail/dss_control__functions.h
[15.498s] -- Symlinking: /home/tukorea/ros2_ws/install/dss_ros2_bridge/include/dss_ros2_bridge/dss_ros2_bridge/msg/detail/dss_control__struct.h
[15.502s] -- Symlinking: /home/tukorea/ros2_ws/install/dss_ros2_bridge/include/dss_ros2_bridge/dss_ros2_bridge/msg/detail/dss_control__type_support.h
[15.506s] -- Symlinking: /home/tukorea/ros2_ws/install/dss_ros2_bridge/include/dss_ros2_bridge/dss_ros2_bridge/msg/dss_control.h
[15.510s] -- Symlinking: /home/tukorea/ros2_ws/install/dss_ros2_bridge/include/dss_ros2_bridge/dss_ros2_bridge/msg/rosidl_generator_c__visibility_control.h
[15.514s] -- Symlinking: /home/tukorea/ros2_ws/install/dss_ros2_bridge/share/dss_ros2_bridge/environment/library_path.sh
[15.517s] -- Symlinking: /home/tukorea/ros2_ws/install/dss_ros2_bridge/share/dss_ros2_bridge/environment/library_path.dsv
[15.521s] -- Symlinking: /home/tukorea/ros2_ws/install/dss_ros2_bridge/include/dss_ros2_bridge/dss_ros2_bridge/msg/detail/dss_control__rosidl_typesupport_fastrtps_c.h
[15.525s] -- Symlinking: /home/tukorea/ros2_ws/install/dss_ros2_bridge/include/dss_ros2_bridge/dss_ros2_bridge/msg/rosidl_typesupport_fastrtps_c__visibility_control.h
[15.529s] -- Symlinking: /home/tukorea/ros2_ws/install/dss_ros2_bridge/include/dss_ros2_bridge/dss_ros2_bridge/msg/detail/dss_control__builder.hpp
[15.533s] -- Symlinking: /home/tukorea/ros2_ws/install/dss_ros2_bridge/include/dss_ros2_bridge/dss_ros2_bridge/msg/detail/dss_control__struct.hpp
[15.536s] -- Symlinking: /home/tukorea/ros2_ws/install/dss_ros2_bridge/include/dss_ros2_bridge/dss_ros2_bridge/msg/detail/dss_control__traits.hpp
[15.540s] -- Symlinking: /home/tukorea/ros2_ws/install/dss_ros2_bridge/include/dss_ros2_bridge/dss_ros2_bridge/msg/detail/dss_control__type_support.hpp
[15.544s] -- Symlinking: /home/tukorea/ros2_ws/install/dss_ros2_bridge/include/dss_ros2_bridge/dss_ros2_bridge/msg/dss_control.hpp
[15.547s] -- Symlinking: /home/tukorea/ros2_ws/install/dss_ros2_bridge/include/dss_ros2_bridge/dss_ros2_bridge/msg/rosidl_generator_cpp__visibility_control.hpp
[15.551s] -- Symlinking: /home/tukorea/ros2_ws/install/dss_ros2_bridge/include/dss_ros2_bridge/dss_ros2_bridge/msg/detail/dss_control__rosidl_typesupport_fastrtps_cpp.hpp
[15.555s] -- Symlinking: /home/tukorea/ros2_ws/install/dss_ros2_bridge/include/dss_ros2_bridge/dss_ros2_bridge/msg/rosidl_typesupport_fastrtps_cpp__visibility_control.h
[15.559s] -- Symlinking: /home/tukorea/ros2_ws/install/dss_ros2_bridge/include/dss_ros2_bridge/dss_ros2_bridge/msg/detail/dss_control__rosidl_typesupport_introspection_c.h
[15.563s] -- Symlinking: /home/tukorea/ros2_ws/install/dss_ros2_bridge/include/dss_ros2_bridge/dss_ros2_bridge/msg/rosidl_typesupport_introspection_c__visibility_control.h
[15.568s] -- Symlinking: /home/tukorea/ros2_ws/install/dss_ros2_bridge/include/dss_ros2_bridge/dss_ros2_bridge/msg/detail/dss_control__rosidl_typesupport_introspection_cpp.hpp
[15.572s] -- Symlinking: /home/tukorea/ros2_ws/install/dss_ros2_bridge/share/dss_ros2_bridge/environment/pythonpath.sh
[15.575s] -- Symlinking: /home/tukorea/ros2_ws/install/dss_ros2_bridge/share/dss_ros2_bridge/environment/pythonpath.dsv
[15.580s] -- Symlinking: /home/tukorea/ros2_ws/install/dss_ros2_bridge/local/lib/python3.10/dist-packages/dss_ros2_bridge-1.0.0-py3.10.egg-info/PKG-INFO
[15.583s] -- Symlinking: /home/tukorea/ros2_ws/install/dss_ros2_bridge/local/lib/python3.10/dist-packages/dss_ros2_bridge-1.0.0-py3.10.egg-info/SOURCES.txt
[15.587s] -- Symlinking: /home/tukorea/ros2_ws/install/dss_ros2_bridge/local/lib/python3.10/dist-packages/dss_ros2_bridge-1.0.0-py3.10.egg-info/dependency_links.txt
[15.591s] -- Symlinking: /home/tukorea/ros2_ws/install/dss_ros2_bridge/local/lib/python3.10/dist-packages/dss_ros2_bridge-1.0.0-py3.10.egg-info/top_level.txt
[15.595s] -- Symlinking: /home/tukorea/ros2_ws/install/dss_ros2_bridge/local/lib/python3.10/dist-packages/dss_ros2_bridge/__init__.py
[15.600s] -- Symlinking: /home/tukorea/ros2_ws/install/dss_ros2_bridge/local/lib/python3.10/dist-packages/dss_ros2_bridge/_dss_ros2_bridge_s.ep.rosidl_typesupport_c.c
[15.604s] -- Symlinking: /home/tukorea/ros2_ws/install/dss_ros2_bridge/local/lib/python3.10/dist-packages/dss_ros2_bridge/_dss_ros2_bridge_s.ep.rosidl_typesupport_fastrtps_c.c
[15.608s] -- Symlinking: /home/tukorea/ros2_ws/install/dss_ros2_bridge/local/lib/python3.10/dist-packages/dss_ros2_bridge/_dss_ros2_bridge_s.ep.rosidl_typesupport_introspection_c.c
[15.612s] -- Symlinking: /home/tukorea/ros2_ws/install/dss_ros2_bridge/local/lib/python3.10/dist-packages/dss_ros2_bridge/dss_ros2_bridge_s__rosidl_typesupport_c.cpython-310-x86_64-linux-gnu.so
[15.616s] -- Symlinking: /home/tukorea/ros2_ws/install/dss_ros2_bridge/local/lib/python3.10/dist-packages/dss_ros2_bridge/dss_ros2_bridge_s__rosidl_typesupport_fastrtps_c.cpython-310-x86_64-linux-gnu.so
[15.620s] -- Symlinking: /home/tukorea/ros2_ws/install/dss_ros2_bridge/local/lib/python3.10/dist-packages/dss_ros2_bridge/dss_ros2_bridge_s__rosidl_typesupport_introspection_c.cpython-310-x86_64-linux-gnu.so
[15.624s] -- Symlinking: /home/tukorea/ros2_ws/install/dss_ros2_bridge/local/lib/python3.10/dist-packages/dss_ros2_bridge/libdss_ros2_bridge__rosidl_generator_py.so
[15.629s] -- Symlinking: /home/tukorea/ros2_ws/install/dss_ros2_bridge/local/lib/python3.10/dist-packages/dss_ros2_bridge/msg/__init__.py
[15.632s] -- Symlinking: /home/tukorea/ros2_ws/install/dss_ros2_bridge/local/lib/python3.10/dist-packages/dss_ros2_bridge/msg/_dss_control.py
[15.636s] -- Symlinking: /home/tukorea/ros2_ws/install/dss_ros2_bridge/local/lib/python3.10/dist-packages/dss_ros2_bridge/msg/_dss_control_s.c
[15.640s] -- Up-to-date symlink: /home/tukorea/ros2_ws/install/dss_ros2_bridge/local/lib/python3.10/dist-packages/dss_ros2_bridge/dss_ros2_bridge_s__rosidl_typesupport_fastrtps_c.cpython-310-x86_64-linux-gnu.so
[15.640s] -- Up-to-date symlink: /home/tukorea/ros2_ws/install/dss_ros2_bridge/local/lib/python3.10/dist-packages/dss_ros2_bridge/dss_ros2_bridge_s__rosidl_typesupport_introspection_c.cpython-310-x86_64-linux-gnu.so
[15.640s] -- Up-to-date symlink: /home/tukorea/ros2_ws/install/dss_ros2_bridge/local/lib/python3.10/dist-packages/dss_ros2_bridge/dss_ros2_bridge_s__rosidl_typesupport_c.cpython-310-x86_64-linux-gnu.so
[15.640s] -- Symlinking: /home/tukorea/ros2_ws/install/dss_ros2_bridge/share/dss_ros2_bridge/msg/DssControl.idl
[15.645s] -- Symlinking: /home/tukorea/ros2_ws/install/dss_ros2_bridge/share/dss_ros2_bridge/msg/DssControl.msg
[15.649s] -- Symlinking: /home/tukorea/ros2_ws/install/dss_ros2_bridge/lib/dss_ros2_bridge/DSSToROSImageNode
[15.653s] -- Symlinking: /home/tukorea/ros2_ws/install/dss_ros2_bridge/lib/dss_ros2_bridge/DSSToROSClockNode
[15.656s] -- Symlinking: /home/tukorea/ros2_ws/install/dss_ros2_bridge/lib/dss_ros2_bridge/DSSToROSPointCloudNode
[15.660s] -- Symlinking: /home/tukorea/ros2_ws/install/dss_ros2_bridge/lib/dss_ros2_bridge/DSSToROSIMUNode
[15.664s] -- Symlinking: /home/tukorea/ros2_ws/install/dss_ros2_bridge/lib/dss_ros2_bridge/DSSToROSGpsNode
[15.668s] -- Symlinking: /home/tukorea/ros2_ws/install/dss_ros2_bridge/lib/dss_ros2_bridge/DSSDemoNode
[15.671s] -- Symlinking: /home/tukorea/ros2_ws/install/dss_ros2_bridge/lib/dss_ros2_bridge/libdss_ros2_bridge__rosidl_typesupport_cpp.so
[15.676s] -- Up-to-date symlink: /home/tukorea/ros2_ws/install/dss_ros2_bridge/share/dss_ros2_bridge/msg/DssControl.msg
[15.676s] -- Symlinking: /home/tukorea/ros2_ws/install/dss_ros2_bridge/share/dss_ros2_bridge/launch/launch.py
[15.680s] -- Symlinking: /home/tukorea/ros2_ws/install/dss_ros2_bridge/share/ament_index/resource_index/package_run_dependencies/dss_ros2_bridge
[15.684s] -- Symlinking: /home/tukorea/ros2_ws/install/dss_ros2_bridge/share/ament_index/resource_index/parent_prefix_path/dss_ros2_bridge
[15.688s] -- Symlinking: /home/tukorea/ros2_ws/install/dss_ros2_bridge/share/dss_ros2_bridge/environment/ament_prefix_path.sh
[15.691s] -- Symlinking: /home/tukorea/ros2_ws/install/dss_ros2_bridge/share/dss_ros2_bridge/environment/ament_prefix_path.dsv
[15.695s] -- Symlinking: /home/tukorea/ros2_ws/install/dss_ros2_bridge/share/dss_ros2_bridge/environment/path.sh
[15.699s] -- Symlinking: /home/tukorea/ros2_ws/install/dss_ros2_bridge/share/dss_ros2_bridge/environment/path.dsv
[15.703s] -- Symlinking: /home/tukorea/ros2_ws/install/dss_ros2_bridge/share/dss_ros2_bridge/local_setup.bash
[15.706s] -- Symlinking: /home/tukorea/ros2_ws/install/dss_ros2_bridge/share/dss_ros2_bridge/local_setup.sh
[15.710s] -- Symlinking: /home/tukorea/ros2_ws/install/dss_ros2_bridge/share/dss_ros2_bridge/local_setup.zsh
[15.714s] -- Symlinking: /home/tukorea/ros2_ws/install/dss_ros2_bridge/share/dss_ros2_bridge/local_setup.dsv
[15.718s] -- Symlinking: /home/tukorea/ros2_ws/install/dss_ros2_bridge/share/dss_ros2_bridge/package.dsv
[15.721s] -- Symlinking: /home/tukorea/ros2_ws/install/dss_ros2_bridge/share/ament_index/resource_index/packages/dss_ros2_bridge
[15.725s] -- Symlinking: /home/tukorea/ros2_ws/install/dss_ros2_bridge/share/dss_ros2_bridge/cmake/rosidl_cmake-extras.cmake
[15.729s] -- Symlinking: /home/tukorea/ros2_ws/install/dss_ros2_bridge/share/dss_ros2_bridge/cmake/ament_cmake_export_include_directories-extras.cmake
[15.733s] -- Symlinking: /home/tukorea/ros2_ws/install/dss_ros2_bridge/share/dss_ros2_bridge/cmake/ament_cmake_export_libraries-extras.cmake
[15.737s] -- Symlinking: /home/tukorea/ros2_ws/install/dss_ros2_bridge/share/dss_ros2_bridge/cmake/ament_cmake_export_targets-extras.cmake
[15.742s] -- Symlinking: /home/tukorea/ros2_ws/install/dss_ros2_bridge/share/dss_ros2_bridge/cmake/rosidl_cmake_export_typesupport_targets-extras.cmake
[15.746s] -- Symlinking: /home/tukorea/ros2_ws/install/dss_ros2_bridge/share/dss_ros2_bridge/cmake/ament_cmake_export_dependencies-extras.cmake
[15.749s] -- Symlinking: /home/tukorea/ros2_ws/install/dss_ros2_bridge/share/dss_ros2_bridge/cmake/rosidl_cmake_export_typesupport_libraries-extras.cmake
[15.754s] -- Symlinking: /home/tukorea/ros2_ws/install/dss_ros2_bridge/share/dss_ros2_bridge/cmake/dss_ros2_bridgeConfig.cmake
[15.758s] -- Symlinking: /home/tukorea/ros2_ws/install/dss_ros2_bridge/share/dss_ros2_bridge/cmake/dss_ros2_bridgeConfig-version.cmake
[15.763s] -- Symlinking: /home/tukorea/ros2_ws/install/dss_ros2_bridge/share/dss_ros2_bridge/package.xml
[15.767s] -- Installing: /home/tukorea/ros2_ws/install/dss_ros2_bridge/lib/libdss_ros2_bridge__rosidl_generator_c.so
[15.767s] -- Set runtime path of "/home/tukorea/ros2_ws/install/dss_ros2_bridge/lib/libdss_ros2_bridge__rosidl_generator_c.so" to ""
[15.767s] -- Installing: /home/tukorea/ros2_ws/install/dss_ros2_bridge/lib/libdss_ros2_bridge__rosidl_typesupport_fastrtps_c.so
[15.767s] -- Set runtime path of "/home/tukorea/ros2_ws/install/dss_ros2_bridge/lib/libdss_ros2_bridge__rosidl_typesupport_fastrtps_c.so" to ""
[15.767s] -- Installing: /home/tukorea/ros2_ws/install/dss_ros2_bridge/lib/libdss_ros2_bridge__rosidl_typesupport_fastrtps_cpp.so
[15.767s] -- Set runtime path of "/home/tukorea/ros2_ws/install/dss_ros2_bridge/lib/libdss_ros2_bridge__rosidl_typesupport_fastrtps_cpp.so" to ""
[15.768s] -- Installing: /home/tukorea/ros2_ws/install/dss_ros2_bridge/lib/libdss_ros2_bridge__rosidl_typesupport_introspection_c.so
[15.768s] -- Set runtime path of "/home/tukorea/ros2_ws/install/dss_ros2_bridge/lib/libdss_ros2_bridge__rosidl_typesupport_introspection_c.so" to ""
[15.768s] -- Installing: /home/tukorea/ros2_ws/install/dss_ros2_bridge/lib/libdss_ros2_bridge__rosidl_typesupport_c.so
[15.768s] -- Set runtime path of "/home/tukorea/ros2_ws/install/dss_ros2_bridge/lib/libdss_ros2_bridge__rosidl_typesupport_c.so" to ""
[15.768s] -- Installing: /home/tukorea/ros2_ws/install/dss_ros2_bridge/lib/libdss_ros2_bridge__rosidl_typesupport_introspection_cpp.so
[15.768s] -- Set runtime path of "/home/tukorea/ros2_ws/install/dss_ros2_bridge/lib/libdss_ros2_bridge__rosidl_typesupport_introspection_cpp.so" to ""
[15.768s] -- Installing: /home/tukorea/ros2_ws/install/dss_ros2_bridge/lib/libdss_ros2_bridge__rosidl_typesupport_cpp.so
[15.768s] -- Set runtime path of "/home/tukorea/ros2_ws/install/dss_ros2_bridge/lib/libdss_ros2_bridge__rosidl_typesupport_cpp.so" to ""
[15.785s] Listing '/home/tukorea/ros2_ws/install/dss_ros2_bridge/local/lib/python3.10/dist-packages/dss_ros2_bridge'...
[15.785s] Compiling '/home/tukorea/ros2_ws/install/dss_ros2_bridge/local/lib/python3.10/dist-packages/dss_ros2_bridge/__init__.py'...
[15.785s] Listing '/home/tukorea/ros2_ws/install/dss_ros2_bridge/local/lib/python3.10/dist-packages/dss_ros2_bridge/msg'...
[15.785s] Compiling '/home/tukorea/ros2_ws/install/dss_ros2_bridge/local/lib/python3.10/dist-packages/dss_ros2_bridge/msg/__init__.py'...
[15.785s] Compiling '/home/tukorea/ros2_ws/install/dss_ros2_bridge/local/lib/python3.10/dist-packages/dss_ros2_bridge/msg/_dss_control.py'...
[15.787s] -- Installing: /home/tukorea/ros2_ws/install/dss_ros2_bridge/lib/libdss_ros2_bridge__rosidl_generator_py.so
[15.787s] -- Set runtime path of "/home/tukorea/ros2_ws/install/dss_ros2_bridge/lib/libdss_ros2_bridge__rosidl_generator_py.so" to ""
[15.788s] -- Installing: /home/tukorea/ros2_ws/install/dss_ros2_bridge/share/dss_ros2_bridge/cmake/export_dss_ros2_bridge__rosidl_generator_cExport.cmake
[15.788s] -- Installing: /home/tukorea/ros2_ws/install/dss_ros2_bridge/share/dss_ros2_bridge/cmake/export_dss_ros2_bridge__rosidl_generator_cExport-noconfig.cmake
[15.788s] -- Installing: /home/tukorea/ros2_ws/install/dss_ros2_bridge/share/dss_ros2_bridge/cmake/export_dss_ros2_bridge__rosidl_typesupport_fastrtps_cExport.cmake
[15.788s] -- Installing: /home/tukorea/ros2_ws/install/dss_ros2_bridge/share/dss_ros2_bridge/cmake/export_dss_ros2_bridge__rosidl_typesupport_fastrtps_cExport-noconfig.cmake
[15.788s] -- Installing: /home/tukorea/ros2_ws/install/dss_ros2_bridge/share/dss_ros2_bridge/cmake/export_dss_ros2_bridge__rosidl_generator_cppExport.cmake
[15.788s] -- Installing: /home/tukorea/ros2_ws/install/dss_ros2_bridge/share/dss_ros2_bridge/cmake/export_dss_ros2_bridge__rosidl_typesupport_fastrtps_cppExport.cmake
[15.788s] -- Installing: /home/tukorea/ros2_ws/install/dss_ros2_bridge/share/dss_ros2_bridge/cmake/export_dss_ros2_bridge__rosidl_typesupport_fastrtps_cppExport-noconfig.cmake
[15.788s] -- Installing: /home/tukorea/ros2_ws/install/dss_ros2_bridge/share/dss_ros2_bridge/cmake/dss_ros2_bridge__rosidl_typesupport_introspection_cExport.cmake
[15.788s] -- Installing: /home/tukorea/ros2_ws/install/dss_ros2_bridge/share/dss_ros2_bridge/cmake/dss_ros2_bridge__rosidl_typesupport_introspection_cExport-noconfig.cmake
[15.788s] -- Installing: /home/tukorea/ros2_ws/install/dss_ros2_bridge/share/dss_ros2_bridge/cmake/dss_ros2_bridge__rosidl_typesupport_cExport.cmake
[15.788s] -- Installing: /home/tukorea/ros2_ws/install/dss_ros2_bridge/share/dss_ros2_bridge/cmake/dss_ros2_bridge__rosidl_typesupport_cExport-noconfig.cmake
[15.788s] -- Installing: /home/tukorea/ros2_ws/install/dss_ros2_bridge/share/dss_ros2_bridge/cmake/dss_ros2_bridge__rosidl_typesupport_introspection_cppExport.cmake
[15.788s] -- Installing: /home/tukorea/ros2_ws/install/dss_ros2_bridge/share/dss_ros2_bridge/cmake/dss_ros2_bridge__rosidl_typesupport_introspection_cppExport-noconfig.cmake
[15.788s] -- Installing: /home/tukorea/ros2_ws/install/dss_ros2_bridge/share/dss_ros2_bridge/cmake/dss_ros2_bridge__rosidl_typesupport_cppExport.cmake
[15.789s] -- Installing: /home/tukorea/ros2_ws/install/dss_ros2_bridge/share/dss_ros2_bridge/cmake/dss_ros2_bridge__rosidl_typesupport_cppExport-noconfig.cmake
[15.789s] -- Installing: /home/tukorea/ros2_ws/install/dss_ros2_bridge/share/dss_ros2_bridge/cmake/export_dss_ros2_bridge__rosidl_generator_pyExport.cmake
[15.789s] -- Installing: /home/tukorea/ros2_ws/install/dss_ros2_bridge/share/dss_ros2_bridge/cmake/export_dss_ros2_bridge__rosidl_generator_pyExport-noconfig.cmake
[15.790s] Invoked command in '/home/tukorea/ros2_ws/build/dss_ros2_bridge' returned '0': CMAKE_PREFIX_PATH=/opt/ros/humble /usr/bin/cmake --install /home/tukorea/ros2_ws/build/dss_ros2_bridge
